<?xml version="1.0" encoding="UTF-8"?>
<!-- Generated by org.testng.reporters.JUnitReportReporter -->
<testsuite hostname="DESKTOP-J7IHALO" failures="0" tests="1" name="org.example.AppTest" time="0.004" errors="0" timestamp="2023-11-29T05:45:31 AEDT" skipped="0">
  <testcase classname="org.example.AppTest" name="testApp" time="0.004"/>
  <system-out/>
</testsuite> <!-- org.example.AppTest -->
